<?xml version="1.0" encoding="UTF-8"?>
<testsuite name="com.example.rss_reader.ExampleUnitTest" tests="1" skipped="0" failures="0" errors="0" timestamp="2023-03-13T14:53:51" hostname="DESKTOP-OANDDN5" time="0.002">
  <properties/>
  <testcase name="addition_isCorrect" classname="com.example.rss_reader.ExampleUnitTest" time="0.002"/>
  <system-out><![CDATA[]]></system-out>
  <system-err><![CDATA[]]></system-err>
</testsuite>
